0 info it worked if it ends with ok
1 verbose cli [ 'node', '/usr/local/bin/npm', 'publish', '.' ]
2 info using npm@1.1.61
3 info using node@v0.8.6
4 verbose publish [ '.' ]
5 verbose read json /Users/thomas/fixture/node_modules/runner/package.json
6 verbose cache add [ '.', null ]
7 silly cache add name=undefined spec="." args=[".",null]
8 verbose parsed url { pathname: '.', path: '.', href: '.' }
9 silly lockFile 3a52ce78- .
10 verbose lock . /Users/thomas/.npm/3a52ce78-.lock
11 verbose read json package.json
12 verbose tar pack [ '/var/folders/jt/043tcrbs3m386w8kxjlf3jz00000gn/T/npm-15189/1361232264619-0.6673107834067196/tmp.tgz',
12 verbose tar pack   '.' ]
13 verbose tarball /var/folders/jt/043tcrbs3m386w8kxjlf3jz00000gn/T/npm-15189/1361232264619-0.6673107834067196/tmp.tgz
14 verbose folder .
15 info prepublish runner@0.0.1
16 silly lockFile 333c4b5f-64619-0-6673107834067196-tmp-tgz /var/folders/jt/043tcrbs3m386w8kxjlf3jz00000gn/T/npm-15189/1361232264619-0.6673107834067196/tmp.tgz
17 verbose lock /var/folders/jt/043tcrbs3m386w8kxjlf3jz00000gn/T/npm-15189/1361232264619-0.6673107834067196/tmp.tgz /Users/thomas/.npm/333c4b5f-64619-0-6673107834067196-tmp-tgz.lock
18 silly lockFile 333c4b5f-64619-0-6673107834067196-tmp-tgz /var/folders/jt/043tcrbs3m386w8kxjlf3jz00000gn/T/npm-15189/1361232264619-0.6673107834067196/tmp.tgz
19 verbose tar unpack /var/folders/jt/043tcrbs3m386w8kxjlf3jz00000gn/T/npm-15189/1361232264619-0.6673107834067196/tmp.tgz
20 silly lockFile 11b32f8c-64619-0-6673107834067196-package /var/folders/jt/043tcrbs3m386w8kxjlf3jz00000gn/T/npm-15189/1361232264619-0.6673107834067196/package
21 verbose lock /var/folders/jt/043tcrbs3m386w8kxjlf3jz00000gn/T/npm-15189/1361232264619-0.6673107834067196/package /Users/thomas/.npm/11b32f8c-64619-0-6673107834067196-package.lock
22 silly gunzTarPerm modes [ '755', '644' ]
23 silly gunzTarPerm extractEntry package.json
24 silly gunzTarPerm extractEntry .npmignore
25 silly gunzTarPerm extractEntry index.js
26 silly gunzTarPerm extractEntry lib/helper.js
27 silly gunzTarPerm extractEntry lib/index.js
28 silly gunzTarPerm extractEntry readme.md
29 verbose read json /var/folders/jt/043tcrbs3m386w8kxjlf3jz00000gn/T/npm-15189/1361232264619-0.6673107834067196/package/package.json
30 silly lockFile 11b32f8c-64619-0-6673107834067196-package /var/folders/jt/043tcrbs3m386w8kxjlf3jz00000gn/T/npm-15189/1361232264619-0.6673107834067196/package
31 verbose from cache /var/folders/jt/043tcrbs3m386w8kxjlf3jz00000gn/T/npm-15189/1361232264619-0.6673107834067196/package/package.json
32 verbose tar pack [ '/Users/thomas/.npm/runner/0.0.1/package.tgz',
32 verbose tar pack   '/var/folders/jt/043tcrbs3m386w8kxjlf3jz00000gn/T/npm-15189/1361232264619-0.6673107834067196/package' ]
33 verbose tarball /Users/thomas/.npm/runner/0.0.1/package.tgz
34 verbose folder /var/folders/jt/043tcrbs3m386w8kxjlf3jz00000gn/T/npm-15189/1361232264619-0.6673107834067196/package
35 silly lockFile 6f26f845-mas-npm-runner-0-0-1-package-tgz /Users/thomas/.npm/runner/0.0.1/package.tgz
36 verbose lock /Users/thomas/.npm/runner/0.0.1/package.tgz /Users/thomas/.npm/6f26f845-mas-npm-runner-0-0-1-package-tgz.lock
37 silly lockFile 6f26f845-mas-npm-runner-0-0-1-package-tgz /Users/thomas/.npm/runner/0.0.1/package.tgz
38 silly lockFile 85a8da86--thomas-npm-runner-0-0-1-package /Users/thomas/.npm/runner/0.0.1/package
39 verbose lock /Users/thomas/.npm/runner/0.0.1/package /Users/thomas/.npm/85a8da86--thomas-npm-runner-0-0-1-package.lock
40 silly lockFile 85a8da86--thomas-npm-runner-0-0-1-package /Users/thomas/.npm/runner/0.0.1/package
41 verbose tar unpack /Users/thomas/.npm/runner/0.0.1/package.tgz
42 silly lockFile 85a8da86--thomas-npm-runner-0-0-1-package /Users/thomas/.npm/runner/0.0.1/package
43 verbose lock /Users/thomas/.npm/runner/0.0.1/package /Users/thomas/.npm/85a8da86--thomas-npm-runner-0-0-1-package.lock
44 silly gunzTarPerm modes [ '755', '644' ]
45 silly gunzTarPerm extractEntry package.json
46 silly gunzTarPerm extractEntry .npmignore
47 silly gunzTarPerm extractEntry index.js
48 silly gunzTarPerm extractEntry lib/helper.js
49 silly gunzTarPerm extractEntry lib/index.js
50 silly gunzTarPerm extractEntry readme.md
51 verbose read json /Users/thomas/.npm/runner/0.0.1/package/package.json
52 silly lockFile 85a8da86--thomas-npm-runner-0-0-1-package /Users/thomas/.npm/runner/0.0.1/package
53 silly shasum updated bytes 1755
54 info shasum e67ea7c95f08b1675d0ce0de6636dfc003dc24c8
54 info shasum /Users/thomas/.npm/runner/0.0.1/package.tgz
55 verbose from cache /Users/thomas/.npm/runner/0.0.1/package/package.json
56 verbose chmod /Users/thomas/.npm/runner/0.0.1/package.tgz 644
57 verbose chown /Users/thomas/.npm/runner/0.0.1/package.tgz [ 501, 20 ]
58 silly lockFile 3a52ce78- .
59 silly publish { name: 'runner',
59 silly publish   version: '0.0.1',
59 silly publish   description: 'The argument processor',
59 silly publish   main: 'index.js',
59 silly publish   repository: { type: 'git', url: 'git@github.com:reggi/runner.git' },
59 silly publish   author: { name: 'Thomas Reggi' },
59 silly publish   license: 'BSD',
59 silly publish   dependencies: { underscore: '~1.4.3', dotty: '0.0.1' },
59 silly publish   readme: '# Runner\n\nThe argument processor',
59 silly publish   _id: 'runner@0.0.1',
59 silly publish   dist: { shasum: 'e67ea7c95f08b1675d0ce0de6636dfc003dc24c8' } }
60 verbose url raw runner
61 verbose url resolving [ 'http://registry.npmjs.org/', './runner' ]
62 verbose url resolved http://registry.npmjs.org/runner
63 info trying registry request attempt 1 at 18:04:25
64 http PUT http://registry.npmjs.org/runner
65 http 409 http://registry.npmjs.org/runner
66 verbose url raw runner
67 verbose url resolving [ 'http://registry.npmjs.org/', './runner' ]
68 verbose url resolved http://registry.npmjs.org/runner
69 info trying registry request attempt 1 at 18:04:25
70 http GET http://registry.npmjs.org/runner
71 http 200 http://registry.npmjs.org/runner
72 verbose url raw runner/0.0.1/-tag/latest
73 verbose url resolving [ 'http://registry.npmjs.org/', './runner/0.0.1/-tag/latest' ]
74 verbose url resolved http://registry.npmjs.org/runner/0.0.1/-tag/latest
75 info trying registry request attempt 1 at 18:04:26
76 http PUT http://registry.npmjs.org/runner/0.0.1/-tag/latest
77 http 403 http://registry.npmjs.org/runner/0.0.1/-tag/latest
78 error publish Error sending version data
79 error Error: forbidden user: reggi not authorized to modify runner
79 error Changed: description "development restart script for node.js" -> "The argument processor"
79 error Changed: dist-tags.latest "1.0.4" -> "0.0.1"
79 error Added: versions.0.0.1
79 error Changed: time.modified "2011-02-18T16:01:46.213Z" -> "2013-02-19T00:04:26.490Z"
79 error Added: time.0.0.1
79 error Changed: author.name "Tobias Kopelke" -> "Thomas Reggi"
79 error Deleted: author.email
79 error Changed Type: author.email
79 error Changed: author.email "nox@demoncode.de" -> undefined
79 error Added: repository: runner/0.0.1/-tag/latest
79 error     at RegClient.<anonymous> (/usr/local/lib/node_modules/npm/node_modules/npm-registry-client/lib/request.js:259:14)
79 error     at Request.init.self.callback (/usr/local/lib/node_modules/npm/node_modules/request/main.js:120:22)
79 error     at Request.EventEmitter.emit (events.js:91:17)
79 error     at Request.<anonymous> (/usr/local/lib/node_modules/npm/node_modules/request/main.js:648:16)
79 error     at Request.EventEmitter.emit (events.js:115:20)
79 error     at IncomingMessage.Request.start.self.req.self.httpModule.request.buffer (/usr/local/lib/node_modules/npm/node_modules/request/main.js:610:14)
79 error     at IncomingMessage.EventEmitter.emit (events.js:115:20)
79 error     at IncomingMessage._emitEnd (http.js:366:10)
79 error     at HTTPParser.parserOnMessageComplete [as onMessageComplete] (http.js:149:23)
79 error     at Socket.socketOnData [as ondata] (http.js:1366:20)
80 error If you need help, you may report this log at:
80 error     <http://github.com/isaacs/npm/issues>
80 error or email it to:
80 error     <npm-@googlegroups.com>
81 error System Darwin 11.4.2
82 error command "node" "/usr/local/bin/npm" "publish" "."
83 error cwd /Users/thomas/fixture/node_modules/runner
84 error node -v v0.8.6
85 error npm -v 1.1.61
86 verbose exit [ 1, true ]
